<?xml version="1.0" encoding="UTF-8"?>
<!-- Generated by org.testng.reporters.JUnitReportReporter -->
<testsuite hostname="SHREE" failures="0" tests="1" name="runner.CucumberRunnerTests" time="30.265" errors="0" timestamp="2024-09-10T13:59:22 IST" skipped="0">
  <testcase classname="runner.CucumberRunnerTests" name="runScenario" time="30.265"/>
</testsuite> <!-- runner.CucumberRunnerTests -->
