<?xml version="1.0" encoding="UTF-8"?>
<!-- Generated by org.testng.reporters.JUnitReportReporter -->
<testsuite hostname="SHREE" failures="0" tests="3" name="runner.CucumberRunnerTests" time="44.581" errors="0" timestamp="2024-09-09T14:10:20 IST" skipped="0">
  <testcase classname="runner.CucumberRunnerTests" name="runScenario" time="15.747"/>
  <testcase classname="runner.CucumberRunnerTests" name="runScenario" time="14.013"/>
  <testcase classname="runner.CucumberRunnerTests" name="runScenario" time="14.821"/>
</testsuite> <!-- runner.CucumberRunnerTests -->
