<?xml version="1.0" encoding="UTF-8"?>
<!-- Generated by org.testng.reporters.JUnitReportReporter -->
<testsuite hostname="SHREE" failures="0" tests="3" name="runner.CucumberRunnerTests" time="87.582" errors="0" timestamp="2024-09-09T17:25:11 IST" skipped="0">
  <testcase classname="runner.CucumberRunnerTests" name="runScenario" time="19.504"/>
  <testcase classname="runner.CucumberRunnerTests" name="runScenario" time="50.868"/>
  <testcase classname="runner.CucumberRunnerTests" name="runScenario" time="17.210"/>
</testsuite> <!-- runner.CucumberRunnerTests -->
